<?xml version="1.0" encoding="utf-8"?>
<CoverageSession>
  <Summary numSequencePoints="63" visitedSequencePoints="63" numBranchPoints="34" visitedBranchPoints="34" sequenceCoverage="100" branchCoverage="100" maxCyclomaticComplexity="36" minCyclomaticComplexity="36" visitedClasses="1" numClasses="1" visitedMethods="3" numMethods="3" />
  <Modules>
    <Module hash="CD634574-4748-4676-A71B-5070B2B8C3BA">
      <ModulePath>Tedd.TextTemplateEngine.dll</ModulePath>
      <ModuleTime>2026-06-22T12:20:16</ModuleTime>
      <ModuleName>Tedd.TextTemplateEngine</ModuleName>
      <Files>
        <File uid="1" fullPath="/app/src/Tedd.TextTemplateEngine/TextTemplateEngine.cs" />
      </Files>
      <Classes>
        <Class>
          <Summary numSequencePoints="63" visitedSequencePoints="63" numBranchPoints="34" visitedBranchPoints="34" sequenceCoverage="100" branchCoverage="100" maxCyclomaticComplexity="34" minCyclomaticComplexity="1" visitedClasses="1" numClasses="1" visitedMethods="3" numMethods="3" />
          <FullName>Tedd.TextTemplateEngine</FullName>
          <Methods>
            <Method cyclomaticComplexity="1" nPathComplexity="1" sequenceCoverage="100" branchCoverage="100" isConstructor="False" isGetter="True" isSetter="False" isStatic="True">
              <Summary numSequencePoints="1" visitedSequencePoints="1" numBranchPoints="0" visitedBranchPoints="0" sequenceCoverage="100" branchCoverage="100" maxCyclomaticComplexity="1" minCyclomaticComplexity="1" visitedClasses="0" numClasses="0" visitedMethods="1" numMethods="1" />
              <MetadataToken />
              <Name>Tedd.TemplateMatchType Tedd.TextTemplateEngine::get_MatchType()</Name>
              <FileRef uid="1" />
              <SequencePoints>
                <SequencePoint vc="2" uspid="13" ordinal="0" sl="13" sc="1" el="13" ec="2" bec="0" bev="0" fileid="1" />
              </SequencePoints>
              <BranchPoints />
              <MethodPoint vc="1" uspid="0" p8:type="SequencePoint" ordinal="0" offset="0" sc="0" sl="13" ec="1" el="13" bec="0" bev="0" fileid="1" xmlns:p8="xsi" />
            </Method>
            <Method cyclomaticComplexity="34" nPathComplexity="34" sequenceCoverage="100" branchCoverage="100" isConstructor="False" isGetter="False" isSetter="False" isStatic="True">
              <Summary numSequencePoints="56" visitedSequencePoints="56" numBranchPoints="34" visitedBranchPoints="34" sequenceCoverage="100" branchCoverage="100" maxCyclomaticComplexity="34" minCyclomaticComplexity="34" visitedClasses="0" numClasses="0" visitedMethods="1" numMethods="1" />
              <MetadataToken />
              <Name>System.String Tedd.TextTemplateEngine::Replace(System.String,System.Collections.Generic.Dictionary`2&lt;System.String,System.String&gt;,System.Char,System.Char,System.Char)</Name>
              <FileRef uid="1" />
              <SequencePoints>
                <SequencePoint vc="1025" uspid="28" ordinal="0" sl="28" sc="1" el="28" ec="2" bec="0" bev="0" fileid="1" />
                <SequencePoint vc="1025" uspid="29" ordinal="1" sl="29" sc="1" el="29" ec="2" bec="2" bev="2" fileid="1" />
                <SequencePoint vc="2" uspid="30" ordinal="2" sl="30" sc="1" el="30" ec="2" bec="0" bev="0" fileid="1" />
                <SequencePoint vc="1023" uspid="32" ordinal="3" sl="32" sc="1" el="32" ec="2" bec="0" bev="0" fileid="1" />
                <SequencePoint vc="1023" uspid="33" ordinal="4" sl="33" sc="1" el="33" ec="2" bec="0" bev="0" fileid="1" />
                <SequencePoint vc="1023" uspid="34" ordinal="5" sl="34" sc="1" el="34" ec="2" bec="0" bev="0" fileid="1" />
                <SequencePoint vc="1023" uspid="35" ordinal="6" sl="35" sc="1" el="35" ec="2" bec="0" bev="0" fileid="1" />
                <SequencePoint vc="1023" uspid="36" ordinal="7" sl="36" sc="1" el="36" ec="2" bec="0" bev="0" fileid="1" />
                <SequencePoint vc="22397406" uspid="38" ordinal="8" sl="38" sc="1" el="38" ec="2" bec="2" bev="2" fileid="1" />
                <SequencePoint vc="11197680" uspid="39" ordinal="9" sl="39" sc="1" el="39" ec="2" bec="0" bev="0" fileid="1" />
                <SequencePoint vc="11197680" uspid="40" ordinal="10" sl="40" sc="1" el="40" ec="2" bec="6" bev="6" fileid="1" />
                <SequencePoint vc="6" uspid="41" ordinal="11" sl="41" sc="1" el="41" ec="2" bec="0" bev="0" fileid="1" />
                <SequencePoint vc="6" uspid="42" ordinal="12" sl="42" sc="1" el="42" ec="2" bec="0" bev="0" fileid="1" />
                <SequencePoint vc="6" uspid="43" ordinal="13" sl="43" sc="1" el="43" ec="2" bec="0" bev="0" fileid="1" />
                <SequencePoint vc="11197674" uspid="46" ordinal="14" sl="46" sc="1" el="46" ec="2" bec="2" bev="2" fileid="1" />
                <SequencePoint vc="6" uspid="47" ordinal="15" sl="47" sc="1" el="47" ec="2" bec="0" bev="0" fileid="1" />
                <SequencePoint vc="6" uspid="49" ordinal="16" sl="49" sc="1" el="49" ec="2" bec="2" bev="2" fileid="1" />
                <SequencePoint vc="5" uspid="50" ordinal="17" sl="50" sc="1" el="50" ec="2" bec="0" bev="0" fileid="1" />
                <SequencePoint vc="6" uspid="55" ordinal="18" sl="55" sc="1" el="55" ec="2" bec="0" bev="0" fileid="1" />
                <SequencePoint vc="6" uspid="57" ordinal="19" sl="57" sc="1" el="57" ec="2" bec="0" bev="0" fileid="1" />
                <SequencePoint vc="6" uspid="58" ordinal="20" sl="58" sc="1" el="58" ec="2" bec="0" bev="0" fileid="1" />
                <SequencePoint vc="6" uspid="61" ordinal="21" sl="61" sc="1" el="61" ec="2" bec="2" bev="2" fileid="1" />
                <SequencePoint vc="2" uspid="62" ordinal="22" sl="62" sc="1" el="62" ec="2" bec="0" bev="0" fileid="1" />
                <SequencePoint vc="2" uspid="64" ordinal="23" sl="64" sc="1" el="64" ec="2" bec="0" bev="0" fileid="1" />
                <SequencePoint vc="2" uspid="65" ordinal="24" sl="65" sc="1" el="65" ec="2" bec="0" bev="0" fileid="1" />
                <SequencePoint vc="2" uspid="66" ordinal="25" sl="66" sc="1" el="66" ec="2" bec="0" bev="0" fileid="1" />
                <SequencePoint vc="11197668" uspid="69" ordinal="26" sl="69" sc="1" el="69" ec="2" bec="4" bev="4" fileid="1" />
                <SequencePoint vc="99593" uspid="70" ordinal="27" sl="70" sc="1" el="70" ec="2" bec="0" bev="0" fileid="1" />
                <SequencePoint vc="99593" uspid="71" ordinal="28" sl="71" sc="1" el="71" ec="2" bec="0" bev="0" fileid="1" />
                <SequencePoint vc="99593" uspid="72" ordinal="29" sl="72" sc="1" el="72" ec="2" bec="0" bev="0" fileid="1" />
                <SequencePoint vc="11098075" uspid="75" ordinal="30" sl="75" sc="1" el="75" ec="2" bec="4" bev="4" fileid="1" />
                <SequencePoint vc="99591" uspid="76" ordinal="31" sl="76" sc="1" el="76" ec="2" bec="0" bev="0" fileid="1" />
                <SequencePoint vc="99591" uspid="77" ordinal="32" sl="77" sc="1" el="77" ec="2" bec="0" bev="0" fileid="1" />
                <SequencePoint vc="99591" uspid="78" ordinal="33" sl="78" sc="1" el="78" ec="2" bec="2" bev="2" fileid="1" />
                <SequencePoint vc="99590" uspid="79" ordinal="34" sl="79" sc="1" el="79" ec="2" bec="0" bev="0" fileid="1" />
                <SequencePoint vc="99590" uspid="80" ordinal="35" sl="80" sc="1" el="80" ec="2" bec="0" bev="0" fileid="1" />
                <SequencePoint vc="99590" uspid="81" ordinal="36" sl="81" sc="1" el="81" ec="2" bec="2" bev="2" fileid="1" />
                <SequencePoint vc="99583" uspid="82" ordinal="37" sl="82" sc="1" el="82" ec="2" bec="0" bev="0" fileid="1" />
                <SequencePoint vc="99583" uspid="83" ordinal="38" sl="83" sc="1" el="83" ec="2" bec="2" bev="2" fileid="1" />
                <SequencePoint vc="1012" uspid="84" ordinal="39" sl="84" sc="1" el="84" ec="2" bec="0" bev="0" fileid="1" />
                <SequencePoint vc="99583" uspid="90" ordinal="40" sl="90" sc="1" el="90" ec="2" bec="0" bev="0" fileid="1" />
                <SequencePoint vc="99583" uspid="92" ordinal="41" sl="92" sc="1" el="92" ec="2" bec="0" bev="0" fileid="1" />
                <SequencePoint vc="99583" uspid="93" ordinal="42" sl="93" sc="1" el="93" ec="2" bec="0" bev="0" fileid="1" />
                <SequencePoint vc="99583" uspid="94" ordinal="43" sl="94" sc="1" el="94" ec="2" bec="0" bev="0" fileid="1" />
                <SequencePoint vc="99583" uspid="95" ordinal="44" sl="95" sc="1" el="95" ec="2" bec="0" bev="0" fileid="1" />
                <SequencePoint vc="7" uspid="97" ordinal="45" sl="97" sc="1" el="97" ec="2" bec="0" bev="0" fileid="1" />
                <SequencePoint vc="8" uspid="99" ordinal="46" sl="99" sc="1" el="99" ec="2" bec="0" bev="0" fileid="1" />
                <SequencePoint vc="8" uspid="100" ordinal="47" sl="100" sc="1" el="100" ec="2" bec="0" bev="0" fileid="1" />
                <SequencePoint vc="10998492" uspid="101" ordinal="48" sl="101" sc="1" el="101" ec="2" bec="0" bev="0" fileid="1" />
                <SequencePoint vc="1023" uspid="103" ordinal="49" sl="103" sc="1" el="103" ec="2" bec="2" bev="2" fileid="1" />
                <SequencePoint vc="1017" uspid="104" ordinal="50" sl="104" sc="1" el="104" ec="2" bec="0" bev="0" fileid="1" />
                <SequencePoint vc="1017" uspid="106" ordinal="51" sl="106" sc="1" el="106" ec="2" bec="2" bev="2" fileid="1" />
                <SequencePoint vc="1009" uspid="110" ordinal="52" sl="110" sc="1" el="110" ec="2" bec="0" bev="0" fileid="1" />
                <SequencePoint vc="1017" uspid="112" ordinal="53" sl="112" sc="1" el="112" ec="2" bec="0" bev="0" fileid="1" />
                <SequencePoint vc="6" uspid="115" ordinal="54" sl="115" sc="1" el="115" ec="2" bec="0" bev="0" fileid="1" />
                <SequencePoint vc="1025" uspid="116" ordinal="55" sl="116" sc="1" el="116" ec="2" bec="0" bev="0" fileid="1" />
              </SequencePoints>
              <BranchPoints>
                <BranchPoint vc="2" uspid="29" ordinal="0" path="0" offset="11" offsetend="13" sl="29" fileid="1" />
                <BranchPoint vc="1023" uspid="29" ordinal="1" path="1" offset="11" offsetend="21" sl="29" fileid="1" />
                <BranchPoint vc="11197680" uspid="38" ordinal="29" path="1" offset="363" offsetend="45" sl="38" fileid="1" />
                <BranchPoint vc="11197653" uspid="40" ordinal="2" path="0" offset="48" offsetend="50" sl="40" fileid="1" />
                <BranchPoint vc="8" uspid="40" ordinal="4" path="0" offset="62" offsetend="64" sl="40" fileid="1" />
                <BranchPoint vc="11197672" uspid="40" ordinal="3" path="1" offset="48" offsetend="71" sl="40" fileid="1" />
                <BranchPoint vc="11197672" uspid="40" ordinal="5" path="1" offset="62" offsetend="71" sl="40" fileid="1" />
                <BranchPoint vc="6" uspid="40" ordinal="6" path="0" offset="76" offsetend="78" sl="40" fileid="1" />
                <BranchPoint vc="11197674" uspid="40" ordinal="7" path="1" offset="76" offsetend="87" sl="40" fileid="1" />
                <BranchPoint vc="6" uspid="46" ordinal="8" path="0" offset="93" offsetend="95" sl="46" fileid="1" />
                <BranchPoint vc="5" uspid="49" ordinal="10" path="0" offset="104" offsetend="106" sl="49" fileid="1" />
                <BranchPoint vc="1" uspid="49" ordinal="11" path="1" offset="104" offsetend="112" sl="49" fileid="1" />
                <BranchPoint vc="2" uspid="61" ordinal="12" path="0" offset="150" offsetend="152" sl="61" fileid="1" />
                <BranchPoint vc="11197668" uspid="46" ordinal="9" path="1" offset="93" offsetend="161" sl="46" fileid="1" />
                <BranchPoint vc="99595" uspid="69" ordinal="14" path="0" offset="172" offsetend="174" sl="69" fileid="1" />
                <BranchPoint vc="11098073" uspid="69" ordinal="15" path="1" offset="172" offsetend="180" sl="69" fileid="1" />
                <BranchPoint vc="99593" uspid="69" ordinal="16" path="0" offset="185" offsetend="187" sl="69" fileid="1" />
                <BranchPoint vc="11098075" uspid="69" ordinal="17" path="1" offset="185" offsetend="196" sl="69" fileid="1" />
                <BranchPoint vc="1092567" uspid="75" ordinal="18" path="0" offset="198" offsetend="200" sl="75" fileid="1" />
                <BranchPoint vc="10005508" uspid="75" ordinal="19" path="1" offset="198" offsetend="215" sl="75" fileid="1" />
                <BranchPoint vc="99591" uspid="75" ordinal="20" path="0" offset="220" offsetend="222" sl="75" fileid="1" />
                <BranchPoint vc="99590" uspid="78" ordinal="22" path="0" offset="240" offsetend="242" sl="78" fileid="1" />
                <BranchPoint vc="99583" uspid="81" ordinal="24" path="0" offset="282" offsetend="284" sl="81" fileid="1" />
                <BranchPoint vc="1012" uspid="83" ordinal="26" path="0" offset="293" offsetend="295" sl="83" fileid="1" />
                <BranchPoint vc="98571" uspid="83" ordinal="27" path="1" offset="293" offsetend="301" sl="83" fileid="1" />
                <BranchPoint vc="7" uspid="81" ordinal="25" path="1" offset="282" offsetend="337" sl="81" fileid="1" />
                <BranchPoint vc="1" uspid="78" ordinal="23" path="1" offset="240" offsetend="338" sl="78" fileid="1" />
                <BranchPoint vc="10998484" uspid="75" ordinal="21" path="1" offset="220" offsetend="341" sl="75" fileid="1" />
                <BranchPoint vc="4" uspid="61" ordinal="13" path="1" offset="150" offsetend="342" sl="61" fileid="1" />
                <BranchPoint vc="1023" uspid="38" ordinal="28" path="0" offset="363" offsetend="368" sl="38" fileid="1" />
                <BranchPoint vc="1017" uspid="103" ordinal="30" path="0" offset="376" offsetend="378" sl="103" fileid="1" />
                <BranchPoint vc="1009" uspid="106" ordinal="32" path="0" offset="393" offsetend="395" sl="106" fileid="1" />
                <BranchPoint vc="8" uspid="106" ordinal="33" path="1" offset="393" offsetend="410" sl="106" fileid="1" />
                <BranchPoint vc="6" uspid="103" ordinal="31" path="1" offset="376" offsetend="420" sl="103" fileid="1" />
              </BranchPoints>
              <MethodPoint vc="56" uspid="0" p8:type="SequencePoint" ordinal="1" offset="1" sc="0" sl="28" ec="1" el="116" bec="0" bev="0" fileid="1" xmlns:p8="xsi" />
            </Method>
            <Method cyclomaticComplexity="1" nPathComplexity="1" sequenceCoverage="100" branchCoverage="100" isConstructor="True" isGetter="False" isSetter="False" isStatic="True">
              <Summary numSequencePoints="6" visitedSequencePoints="6" numBranchPoints="0" visitedBranchPoints="0" sequenceCoverage="100" branchCoverage="100" maxCyclomaticComplexity="1" minCyclomaticComplexity="1" visitedClasses="0" numClasses="0" visitedMethods="1" numMethods="1" />
              <MetadataToken />
              <Name>System.Void Tedd.TextTemplateEngine::.ctor(System.Char,System.Char,System.Char)</Name>
              <FileRef uid="1" />
              <SequencePoints>
                <SequencePoint vc="1" uspid="20" ordinal="0" sl="20" sc="1" el="20" ec="2" bec="0" bev="0" fileid="1" />
                <SequencePoint vc="1" uspid="21" ordinal="1" sl="21" sc="1" el="21" ec="2" bec="0" bev="0" fileid="1" />
                <SequencePoint vc="1" uspid="22" ordinal="2" sl="22" sc="1" el="22" ec="2" bec="0" bev="0" fileid="1" />
                <SequencePoint vc="1" uspid="23" ordinal="3" sl="23" sc="1" el="23" ec="2" bec="0" bev="0" fileid="1" />
                <SequencePoint vc="1" uspid="24" ordinal="4" sl="24" sc="1" el="24" ec="2" bec="0" bev="0" fileid="1" />
                <SequencePoint vc="1" uspid="25" ordinal="5" sl="25" sc="1" el="25" ec="2" bec="0" bev="0" fileid="1" />
              </SequencePoints>
              <BranchPoints />
              <MethodPoint vc="6" uspid="0" p8:type="SequencePoint" ordinal="2" offset="2" sc="0" sl="20" ec="1" el="25" bec="0" bev="0" fileid="1" xmlns:p8="xsi" />
            </Method>
          </Methods>
        </Class>
      </Classes>
    </Module>
  </Modules>
</CoverageSession>