<?xml version="1.0" encoding="utf-8"?>
<coverage line-rate="0.8253" branch-rate="0.9411" version="1.9" timestamp="1782087052" lines-covered="52" lines-valid="63" branches-covered="32" branches-valid="34">
  <sources>
    <source>/</source>
  </sources>
  <packages>
    <package name="Tedd.TextTemplateEngine" line-rate="0.8253" branch-rate="0.9411" complexity="36">
      <classes>
        <class name="Tedd.TextTemplateEngine" filename="app/src/Tedd.TextTemplateEngine/TextTemplateEngine.cs" line-rate="0.8253" branch-rate="0.9411" complexity="36">
          <methods>
            <method name="get_MatchType" signature="()" line-rate="0" branch-rate="1" complexity="1">
              <lines>
                <line number="13" hits="0" branch="False" />
              </lines>
            </method>
            <method name="Replace" signature="(System.String,System.Collections.Generic.Dictionary`2&lt;System.String,System.String&gt;,System.Char,System.Char,System.Char)" line-rate="0.9285" branch-rate="0.9411" complexity="34">
              <lines>
                <line number="28" hits="1019" branch="False" />
                <line number="29" hits="1019" branch="True" condition-coverage="100% (2/2)">
                  <conditions>
                    <condition number="11" type="jump" coverage="100%" />
                  </conditions>
                </line>
                <line number="30" hits="2" branch="False" />
                <line number="32" hits="1017" branch="False" />
                <line number="33" hits="1017" branch="False" />
                <line number="34" hits="1017" branch="False" />
                <line number="35" hits="1017" branch="False" />
                <line number="36" hits="1017" branch="False" />
                <line number="38" hits="22381502" branch="True" condition-coverage="100% (2/2)">
                  <conditions>
                    <condition number="363" type="jump" coverage="100%" />
                  </conditions>
                </line>
                <line number="39" hits="11189734" branch="False" />
                <line number="40" hits="11189734" branch="True" condition-coverage="100% (6/6)">
                  <conditions>
                    <condition number="48" type="jump" coverage="100%" />
                    <condition number="62" type="jump" coverage="100%" />
                    <condition number="76" type="jump" coverage="100%" />
                  </conditions>
                </line>
                <line number="41" hits="4" branch="False" />
                <line number="42" hits="4" branch="False" />
                <line number="43" hits="4" branch="False" />
                <line number="46" hits="11189730" branch="True" condition-coverage="100% (2/2)">
                  <conditions>
                    <condition number="93" type="jump" coverage="100%" />
                  </conditions>
                </line>
                <line number="47" hits="4" branch="False" />
                <line number="49" hits="4" branch="True" condition-coverage="100% (2/2)">
                  <conditions>
                    <condition number="104" type="jump" coverage="100%" />
                  </conditions>
                </line>
                <line number="50" hits="3" branch="False" />
                <line number="55" hits="4" branch="False" />
                <line number="57" hits="4" branch="False" />
                <line number="58" hits="4" branch="False" />
                <line number="61" hits="4" branch="True" condition-coverage="50% (1/2)">
                  <conditions>
                    <condition number="150" type="jump" coverage="50%" />
                  </conditions>
                </line>
                <line number="62" hits="0" branch="False" />
                <line number="64" hits="0" branch="False" />
                <line number="65" hits="0" branch="False" />
                <line number="66" hits="0" branch="False" />
                <line number="69" hits="11189726" branch="True" condition-coverage="100% (4/4)">
                  <conditions>
                    <condition number="172" type="jump" coverage="100%" />
                    <condition number="185" type="jump" coverage="100%" />
                  </conditions>
                </line>
                <line number="70" hits="100405" branch="False" />
                <line number="71" hits="100405" branch="False" />
                <line number="72" hits="100405" branch="False" />
                <line number="75" hits="11089321" branch="True" condition-coverage="100% (4/4)">
                  <conditions>
                    <condition number="198" type="jump" coverage="100%" />
                    <condition number="220" type="jump" coverage="100%" />
                  </conditions>
                </line>
                <line number="76" hits="100405" branch="False" />
                <line number="77" hits="100405" branch="False" />
                <line number="78" hits="100405" branch="True" condition-coverage="50% (1/2)">
                  <conditions>
                    <condition number="240" type="jump" coverage="50%" />
                  </conditions>
                </line>
                <line number="79" hits="100405" branch="False" />
                <line number="80" hits="100405" branch="False" />
                <line number="81" hits="100405" branch="True" condition-coverage="100% (2/2)">
                  <conditions>
                    <condition number="282" type="jump" coverage="100%" />
                  </conditions>
                </line>
                <line number="82" hits="100399" branch="False" />
                <line number="83" hits="100399" branch="True" condition-coverage="100% (2/2)">
                  <conditions>
                    <condition number="293" type="jump" coverage="100%" />
                  </conditions>
                </line>
                <line number="84" hits="1010" branch="False" />
                <line number="90" hits="100399" branch="False" />
                <line number="92" hits="100399" branch="False" />
                <line number="93" hits="100399" branch="False" />
                <line number="94" hits="100399" branch="False" />
                <line number="95" hits="100399" branch="False" />
                <line number="97" hits="6" branch="False" />
                <line number="99" hits="6" branch="False" />
                <line number="100" hits="6" branch="False" />
                <line number="101" hits="10988922" branch="False" />
                <line number="103" hits="1017" branch="True" condition-coverage="100% (2/2)">
                  <conditions>
                    <condition number="376" type="jump" coverage="100%" />
                  </conditions>
                </line>
                <line number="104" hits="1013" branch="False" />
                <line number="106" hits="1013" branch="True" condition-coverage="100% (2/2)">
                  <conditions>
                    <condition number="393" type="jump" coverage="100%" />
                  </conditions>
                </line>
                <line number="110" hits="1007" branch="False" />
                <line number="112" hits="1013" branch="False" />
                <line number="115" hits="4" branch="False" />
                <line number="116" hits="1019" branch="False" />
              </lines>
            </method>
            <method name=".ctor" signature="(System.Char,System.Char,System.Char)" line-rate="0" branch-rate="1" complexity="1">
              <lines>
                <line number="20" hits="0" branch="False" />
                <line number="21" hits="0" branch="False" />
                <line number="22" hits="0" branch="False" />
                <line number="23" hits="0" branch="False" />
                <line number="24" hits="0" branch="False" />
                <line number="25" hits="0" branch="False" />
              </lines>
            </method>
          </methods>
          <lines>
            <line number="13" hits="0" branch="False" />
            <line number="28" hits="1019" branch="False" />
            <line number="29" hits="1019" branch="True" condition-coverage="100% (2/2)">
              <conditions>
                <condition number="11" type="jump" coverage="100%" />
              </conditions>
            </line>
            <line number="30" hits="2" branch="False" />
            <line number="32" hits="1017" branch="False" />
            <line number="33" hits="1017" branch="False" />
            <line number="34" hits="1017" branch="False" />
            <line number="35" hits="1017" branch="False" />
            <line number="36" hits="1017" branch="False" />
            <line number="38" hits="22381502" branch="True" condition-coverage="100% (2/2)">
              <conditions>
                <condition number="363" type="jump" coverage="100%" />
              </conditions>
            </line>
            <line number="39" hits="11189734" branch="False" />
            <line number="40" hits="11189734" branch="True" condition-coverage="100% (6/6)">
              <conditions>
                <condition number="48" type="jump" coverage="100%" />
                <condition number="62" type="jump" coverage="100%" />
                <condition number="76" type="jump" coverage="100%" />
              </conditions>
            </line>
            <line number="41" hits="4" branch="False" />
            <line number="42" hits="4" branch="False" />
            <line number="43" hits="4" branch="False" />
            <line number="46" hits="11189730" branch="True" condition-coverage="100% (2/2)">
              <conditions>
                <condition number="93" type="jump" coverage="100%" />
              </conditions>
            </line>
            <line number="47" hits="4" branch="False" />
            <line number="49" hits="4" branch="True" condition-coverage="100% (2/2)">
              <conditions>
                <condition number="104" type="jump" coverage="100%" />
              </conditions>
            </line>
            <line number="50" hits="3" branch="False" />
            <line number="55" hits="4" branch="False" />
            <line number="57" hits="4" branch="False" />
            <line number="58" hits="4" branch="False" />
            <line number="61" hits="4" branch="True" condition-coverage="50% (1/2)">
              <conditions>
                <condition number="150" type="jump" coverage="50%" />
              </conditions>
            </line>
            <line number="62" hits="0" branch="False" />
            <line number="64" hits="0" branch="False" />
            <line number="65" hits="0" branch="False" />
            <line number="66" hits="0" branch="False" />
            <line number="69" hits="11189726" branch="True" condition-coverage="100% (4/4)">
              <conditions>
                <condition number="172" type="jump" coverage="100%" />
                <condition number="185" type="jump" coverage="100%" />
              </conditions>
            </line>
            <line number="70" hits="100405" branch="False" />
            <line number="71" hits="100405" branch="False" />
            <line number="72" hits="100405" branch="False" />
            <line number="75" hits="11089321" branch="True" condition-coverage="100% (4/4)">
              <conditions>
                <condition number="198" type="jump" coverage="100%" />
                <condition number="220" type="jump" coverage="100%" />
              </conditions>
            </line>
            <line number="76" hits="100405" branch="False" />
            <line number="77" hits="100405" branch="False" />
            <line number="78" hits="100405" branch="True" condition-coverage="50% (1/2)">
              <conditions>
                <condition number="240" type="jump" coverage="50%" />
              </conditions>
            </line>
            <line number="79" hits="100405" branch="False" />
            <line number="80" hits="100405" branch="False" />
            <line number="81" hits="100405" branch="True" condition-coverage="100% (2/2)">
              <conditions>
                <condition number="282" type="jump" coverage="100%" />
              </conditions>
            </line>
            <line number="82" hits="100399" branch="False" />
            <line number="83" hits="100399" branch="True" condition-coverage="100% (2/2)">
              <conditions>
                <condition number="293" type="jump" coverage="100%" />
              </conditions>
            </line>
            <line number="84" hits="1010" branch="False" />
            <line number="90" hits="100399" branch="False" />
            <line number="92" hits="100399" branch="False" />
            <line number="93" hits="100399" branch="False" />
            <line number="94" hits="100399" branch="False" />
            <line number="95" hits="100399" branch="False" />
            <line number="97" hits="6" branch="False" />
            <line number="99" hits="6" branch="False" />
            <line number="100" hits="6" branch="False" />
            <line number="101" hits="10988922" branch="False" />
            <line number="103" hits="1017" branch="True" condition-coverage="100% (2/2)">
              <conditions>
                <condition number="376" type="jump" coverage="100%" />
              </conditions>
            </line>
            <line number="104" hits="1013" branch="False" />
            <line number="106" hits="1013" branch="True" condition-coverage="100% (2/2)">
              <conditions>
                <condition number="393" type="jump" coverage="100%" />
              </conditions>
            </line>
            <line number="110" hits="1007" branch="False" />
            <line number="112" hits="1013" branch="False" />
            <line number="115" hits="4" branch="False" />
            <line number="116" hits="1019" branch="False" />
            <line number="20" hits="0" branch="False" />
            <line number="21" hits="0" branch="False" />
            <line number="22" hits="0" branch="False" />
            <line number="23" hits="0" branch="False" />
            <line number="24" hits="0" branch="False" />
            <line number="25" hits="0" branch="False" />
          </lines>
        </class>
      </classes>
    </package>
  </packages>
</coverage>